#
# There is insufficient memory for the Java Runtime Environment to continue.
# Native memory allocation (malloc) failed to allocate 1926096 bytes. Error detail: Chunk::new
# Possible reasons:
#   The system is out of physical RAM or swap space
#   This process is running with CompressedOops enabled, and the Java Heap may be blocking the growth of the native heap
# Possible solutions:
#   Reduce memory load on the system
#   Increase physical memory or swap space
#   Check if swap backing store is full
#   Decrease Java heap size (-Xmx/-Xms)
#   Decrease number of Java threads
#   Decrease Java thread stack sizes (-Xss)
#   Set larger code cache with -XX:ReservedCodeCacheSize=
#   JVM is running with Unscaled Compressed Oops mode in which the Java heap is
#     placed in the first 4GB address space. The Java Heap base address is the
#     maximum limit for the native heap growth. Please use -XX:HeapBaseMinAddress
#     to set the Java Heap base and to place the Java Heap above 4GB virtual address.
# This output file may be truncated or incomplete.
#
#  Out of Memory Error (arena.cpp:168), pid=36692, tid=18328
#
# JRE version: OpenJDK Runtime Environment (21.0.6) (build 21.0.6+-13391695-b895.109)
# Java VM: OpenJDK 64-Bit Server VM (21.0.6+-13391695-b895.109, mixed mode, tiered, compressed oops, compressed class ptrs, g1 gc, windows-amd64)
# No core dump will be written. Minidumps are not enabled by default on client versions of Windows
#

---------------  S U M M A R Y ------------

Command Line: org.jetbrains.kotlin.cli.jvm.K2JVMCompiler @C:\Users\Koliasik\YourLivePoints\ProjectPoint\app\build\20260509_1903592505685239282.compiler.options

Host: AMD Ryzen 5 4600H with Radeon Graphics         , 12 cores, 7G,  Windows 11 , 64 bit Build 26100 (10.0.26100.8246)
Time: Sat May  9 22:15:18 2026 RTZ 2 (s 11 , 64 bit Build 26100 (10.0.26100.8246) elapsed time: 7.291826 seconds (0d 0h 0m 7s)

---------------  T H R E A D  ---------------

Current thread (0x0000022c79a54d60):  JavaThread "C2 CompilerThread0" daemon [_thread_in_native, id=18328, stack(0x000000acbf900000,0x000000acbfa00000) (1024K)]


Current CompileTask:
C2:7291 2829       4       java.lang.invoke.MethodType::makeImpl (109 bytes)

Stack: [0x000000acbf900000,0x000000acbfa00000]
Native frames: (J=compiled Java code, j=interpreted, Vv=VM code, C=native code)
V  [jvm.dll+0x6d0639]
V  [jvm.dll+0x85eb03]
V  [jvm.dll+0x86105e]
V  [jvm.dll+0x861743]
V  [jvm.dll+0x27e6e6]
V  [jvm.dll+0xbff6d]
V  [jvm.dll+0xc04a3]
V  [jvm.dll+0x3b6171]
V  [jvm.dll+0x3820c7]
V  [jvm.dll+0x38153a]
V  [jvm.dll+0x247c82]
V  [jvm.dll+0x247251]
V  [jvm.dll+0x1c5f04]
V  [jvm.dll+0x2569ac]
V  [jvm.dll+0x254ef6]
V  [jvm.dll+0x3f0e96]
V  [jvm.dll+0x806ed8]
V  [jvm.dll+0x6cef0d]
C  [ucrtbase.dll+0x37b0]
C  [KERNEL32.DLL+0x2e8d7]
C  [ntdll.dll+0x8c3fc]


---------------  P R O C E S S  ---------------

Threads class SMR info:
_java_thread_list=0x0000022c105c75a0, length=12, elements={
0x0000022c6ed54320, 0x0000022c79a6e0b0, 0x0000022c79a71730, 0x0000022c79a517d0,
0x0000022c79a51e60, 0x0000022c79a524f0, 0x0000022c79a52b80, 0x0000022c79a54d60,
0x0000022c79a5d2e0, 0x0000022c79a4f700, 0x0000022c79a4fd90, 0x0000022c7e374930
}

Java Threads: ( => current thread )
  0x0000022c6ed54320 JavaThread "main"                              [_thread_in_native, id=37240, stack(0x000000acbeb00000,0x000000acbec00000) (1024K)]
  0x0000022c79a6e0b0 JavaThread "Reference Handler"          daemon [_thread_blocked, id=15088, stack(0x000000acbf300000,0x000000acbf400000) (1024K)]
  0x0000022c79a71730 JavaThread "Finalizer"                  daemon [_thread_blocked, id=16496, stack(0x000000acbf400000,0x000000acbf500000) (1024K)]
  0x0000022c79a517d0 JavaThread "Signal Dispatcher"          daemon [_thread_blocked, id=39304, stack(0x000000acbf500000,0x000000acbf600000) (1024K)]
  0x0000022c79a51e60 JavaThread "Attach Listener"            daemon [_thread_blocked, id=26984, stack(0x000000acbf600000,0x000000acbf700000) (1024K)]
  0x0000022c79a524f0 JavaThread "Service Thread"             daemon [_thread_blocked, id=13024, stack(0x000000acbf700000,0x000000acbf800000) (1024K)]
  0x0000022c79a52b80 JavaThread "Monitor Deflation Thread"   daemon [_thread_blocked, id=17088, stack(0x000000acbf800000,0x000000acbf900000) (1024K)]
=>0x0000022c79a54d60 JavaThread "C2 CompilerThread0"         daemon [_thread_in_native, id=18328, stack(0x000000acbf900000,0x000000acbfa00000) (1024K)]
  0x0000022c79a5d2e0 JavaThread "C1 CompilerThread0"         daemon [_thread_blocked, id=2456, stack(0x000000acbfa00000,0x000000acbfb00000) (1024K)]
  0x0000022c79a4f700 JavaThread "Notification Thread"        daemon [_thread_blocked, id=39740, stack(0x000000acbfb00000,0x000000acbfc00000) (1024K)]
  0x0000022c79a4fd90 JavaThread "Common-Cleaner"             daemon [_thread_blocked, id=32668, stack(0x000000acbfc00000,0x000000acbfd00000) (1024K)]
  0x0000022c7e374930 JavaThread "C2 CompilerThread1"         daemon [_thread_in_vm, id=29596, stack(0x000000acc0800000,0x000000acc0900000) (1024K)]
Total: 12

Other Threads:
  0x0000022c799d4c00 VMThread "VM Thread"                           [id=3196, stack(0x000000acbf200000,0x000000acbf300000) (1024K)]
  0x0000022c79849d20 WatcherThread "VM Periodic Task Thread"        [id=30172, stack(0x000000acbf100000,0x000000acbf200000) (1024K)]
  0x0000022c710be230 WorkerThread "GC Thread#0"                     [id=8912, stack(0x000000acbec00000,0x000000acbed00000) (1024K)]
  0x0000022c7e5da5c0 WorkerThread "GC Thread#1"                     [id=26156, stack(0x000000acbfd00000,0x000000acbfe00000) (1024K)]
  0x0000022c7e659a20 WorkerThread "GC Thread#2"                     [id=30468, stack(0x000000acbfe00000,0x000000acbff00000) (1024K)]
  0x0000022c7e65add0 WorkerThread "GC Thread#3"                     [id=32128, stack(0x000000acbff00000,0x000000acc0000000) (1024K)]
  0x0000022c7e65b170 WorkerThread "GC Thread#4"                     [id=26184, stack(0x000000acc0000000,0x000000acc0100000) (1024K)]
  0x0000022c7e65b510 WorkerThread "GC Thread#5"                     [id=31256, stack(0x000000acc0100000,0x000000acc0200000) (1024K)]
  0x0000022c7eb047e0 WorkerThread "GC Thread#6"                     [id=27712, stack(0x000000acc0200000,0x000000acc0300000) (1024K)]
  0x0000022c7eb03220 WorkerThread "GC Thread#7"                     [id=36768, stack(0x000000acc0300000,0x000000acc0400000) (1024K)]
  0x0000022c7eb04440 WorkerThread "GC Thread#8"                     [id=16448, stack(0x000000acc0600000,0x000000acc0700000) (1024K)]
  0x0000022c7f12c2c0 WorkerThread "GC Thread#9"                     [id=39072, stack(0x000000acc0700000,0x000000acc0800000) (1024K)]
  0x0000022c710cee20 ConcurrentGCThread "G1 Main Marker"            [id=38192, stack(0x000000acbed00000,0x000000acbee00000) (1024K)]
  0x0000022c710d0130 WorkerThread "G1 Conc#0"                       [id=33868, stack(0x000000acbee00000,0x000000acbef00000) (1024K)]
  0x0000022c7eb03960 WorkerThread "G1 Conc#1"                       [id=10708, stack(0x000000acc0400000,0x000000acc0500000) (1024K)]
  0x0000022c7eb02e80 WorkerThread "G1 Conc#2"                       [id=18628, stack(0x000000acc0500000,0x000000acc0600000) (1024K)]
  0x0000022c7971e490 ConcurrentGCThread "G1 Refine#0"               [id=34756, stack(0x000000acbef00000,0x000000acbf000000) (1024K)]
  0x0000022c7971eea0 ConcurrentGCThread "G1 Service"                [id=34944, stack(0x000000acbf000000,0x000000acbf100000) (1024K)]
Total: 18

Threads with active compile tasks:
C2 CompilerThread0  8825 2829       4       java.lang.invoke.MethodType::makeImpl (109 bytes)
C2 CompilerThread1  8825 2860       4       jdk.internal.org.objectweb.asm.Frame::pop (46 bytes)
Total: 2

VM state: not at safepoint (normal execution)

VM Mutex/Monitor currently owned by a thread: None

Heap address: 0x000000008a000000, size: 1888 MB, Compressed Oops mode: 32-bit

CDS archive(s) not mapped
Compressed class space mapped at: 0x0000000100000000-0x0000000140000000, reserved size: 1073741824
Narrow klass base: 0x0000000000000000, Narrow klass shift: 3, Narrow klass range: 0x140000000

GC Precious Log:
 CardTable entry size: 512
 Card Set container configuration: InlinePtr #cards 5 size 8 Array Of Cards #cards 12 size 40 Howl #buckets 4 coarsen threshold 1843 Howl Bitmap #cards 512 size 80 coarsen threshold 460 Card regions per heap region 1 cards per card region 2048
 CPUs: 12 total, 12 available
 Memory: 7549M
 Large Page Support: Disabled
 NUMA Support: Disabled
 Compressed Oops: Enabled (32-bit)
 Heap Region Size: 1M
 Heap Min Capacity: 8M
 Heap Initial Capacity: 118M
 Heap Max Capacity: 1888M
 Pre-touch: Disabled
 Parallel Workers: 10
 Concurrent Workers: 3
 Concurrent Refinement Workers: 10
 Periodic GC: Disabled

Heap:
 garbage-first heap   total 59392K, used 37009K [0x000000008a000000, 0x0000000100000000)
  region size 1024K, 14 young (14336K), 2 survivors (2048K)
 Metaspace       used 44314K, committed 45056K, reserved 1114112K
  class space    used 5218K, committed 5568K, reserved 1048576K

Heap Regions: E=young(eden), S=young(survivor), O=old, HS=humongous(starts), HC=humongous(continues), CS=collection set, F=free, TAMS=top-at-mark-start, PB=parsable bottom
|   0|0x000000008a000000, 0x000000008a100000, 0x000000008a100000|100%|HS|  |TAMS 0x000000008a000000| PB 0x000000008a000000| Complete 
|   1|0x000000008a100000, 0x000000008a200000, 0x000000008a200000|100%|HC|  |TAMS 0x000000008a100000| PB 0x000000008a100000| Complete 
|   2|0x000000008a200000, 0x000000008a300000, 0x000000008a300000|100%|HC|  |TAMS 0x000000008a200000| PB 0x000000008a200000| Complete 
|   3|0x000000008a300000, 0x000000008a400000, 0x000000008a400000|100%| O|  |TAMS 0x000000008a300000| PB 0x000000008a300000| Untracked 
|   4|0x000000008a400000, 0x000000008a500000, 0x000000008a500000|100%| O|  |TAMS 0x000000008a400000| PB 0x000000008a400000| Untracked 
|   5|0x000000008a500000, 0x000000008a600000, 0x000000008a600000|100%| O|  |TAMS 0x000000008a500000| PB 0x000000008a500000| Untracked 
|   6|0x000000008a600000, 0x000000008a700000, 0x000000008a700000|100%| O|  |TAMS 0x000000008a600000| PB 0x000000008a600000| Untracked 
|   7|0x000000008a700000, 0x000000008a800000, 0x000000008a800000|100%| O|  |TAMS 0x000000008a700000| PB 0x000000008a700000| Untracked 
|   8|0x000000008a800000, 0x000000008a900000, 0x000000008a900000|100%| O|  |TAMS 0x000000008a800000| PB 0x000000008a800000| Untracked 
|   9|0x000000008a900000, 0x000000008aa00000, 0x000000008aa00000|100%| O|  |TAMS 0x000000008a900000| PB 0x000000008a900000| Untracked 
|  10|0x000000008aa00000, 0x000000008ab00000, 0x000000008ab00000|100%| O|  |TAMS 0x000000008aa00000| PB 0x000000008aa00000| Untracked 
|  11|0x000000008ab00000, 0x000000008ac00000, 0x000000008ac00000|100%| O|  |TAMS 0x000000008ab00000| PB 0x000000008ab00000| Untracked 
|  12|0x000000008ac00000, 0x000000008ad00000, 0x000000008ad00000|100%| O|  |TAMS 0x000000008ac00000| PB 0x000000008ac00000| Untracked 
|  13|0x000000008ad00000, 0x000000008ae00000, 0x000000008ae00000|100%| O|  |TAMS 0x000000008ad00000| PB 0x000000008ad00000| Untracked 
|  14|0x000000008ae00000, 0x000000008af00000, 0x000000008af00000|100%| O|  |TAMS 0x000000008ae00000| PB 0x000000008ae00000| Untracked 
|  15|0x000000008af00000, 0x000000008b000000, 0x000000008b000000|100%| O|  |TAMS 0x000000008af00000| PB 0x000000008af00000| Untracked 
|  16|0x000000008b000000, 0x000000008b100000, 0x000000008b100000|100%| O|  |TAMS 0x000000008b000000| PB 0x000000008b000000| Untracked 
|  17|0x000000008b100000, 0x000000008b200000, 0x000000008b200000|100%| O|  |TAMS 0x000000008b100000| PB 0x000000008b100000| Untracked 
|  18|0x000000008b200000, 0x000000008b200000, 0x000000008b300000|  0%| F|  |TAMS 0x000000008b200000| PB 0x000000008b200000| Untracked 
|  19|0x000000008b300000, 0x000000008b400000, 0x000000008b400000|100%| O|  |TAMS 0x000000008b300000| PB 0x000000008b300000| Untracked 
|  20|0x000000008b400000, 0x000000008b500000, 0x000000008b500000|100%| O|  |TAMS 0x000000008b400000| PB 0x000000008b400000| Untracked 
|  21|0x000000008b500000, 0x000000008b5efc80, 0x000000008b600000| 93%| O|  |TAMS 0x000000008b500000| PB 0x000000008b500000| Untracked 
|  22|0x000000008b600000, 0x000000008b600000, 0x000000008b700000|  0%| F|  |TAMS 0x000000008b600000| PB 0x000000008b600000| Untracked 
|  23|0x000000008b700000, 0x000000008b700000, 0x000000008b800000|  0%| F|  |TAMS 0x000000008b700000| PB 0x000000008b700000| Untracked 
|  24|0x000000008b800000, 0x000000008b800000, 0x000000008b900000|  0%| F|  |TAMS 0x000000008b800000| PB 0x000000008b800000| Untracked 
|  25|0x000000008b900000, 0x000000008b900000, 0x000000008ba00000|  0%| F|  |TAMS 0x000000008b900000| PB 0x000000008b900000| Untracked 
|  26|0x000000008ba00000, 0x000000008ba00000, 0x000000008bb00000|  0%| F|  |TAMS 0x000000008ba00000| PB 0x000000008ba00000| Untracked 
|  27|0x000000008bb00000, 0x000000008bb34af8, 0x000000008bc00000| 20%| S|CS|TAMS 0x000000008bb00000| PB 0x000000008bb00000| Complete 
|  28|0x000000008bc00000, 0x000000008bd00000, 0x000000008bd00000|100%| S|CS|TAMS 0x000000008bc00000| PB 0x000000008bc00000| Complete 
|  29|0x000000008bd00000, 0x000000008bd00000, 0x000000008be00000|  0%| F|  |TAMS 0x000000008bd00000| PB 0x000000008bd00000| Untracked 
|  30|0x000000008be00000, 0x000000008be00000, 0x000000008bf00000|  0%| F|  |TAMS 0x000000008be00000| PB 0x000000008be00000| Untracked 
|  31|0x000000008bf00000, 0x000000008bf00000, 0x000000008c000000|  0%| F|  |TAMS 0x000000008bf00000| PB 0x000000008bf00000| Untracked 
|  32|0x000000008c000000, 0x000000008c000000, 0x000000008c100000|  0%| F|  |TAMS 0x000000008c000000| PB 0x000000008c000000| Untracked 
|  33|0x000000008c100000, 0x000000008c100000, 0x000000008c200000|  0%| F|  |TAMS 0x000000008c100000| PB 0x000000008c100000| Untracked 
|  34|0x000000008c200000, 0x000000008c200000, 0x000000008c300000|  0%| F|  |TAMS 0x000000008c200000| PB 0x000000008c200000| Untracked 
|  35|0x000000008c300000, 0x000000008c300000, 0x000000008c400000|  0%| F|  |TAMS 0x000000008c300000| PB 0x000000008c300000| Untracked 
|  36|0x000000008c400000, 0x000000008c400000, 0x000000008c500000|  0%| F|  |TAMS 0x000000008c400000| PB 0x000000008c400000| Untracked 
|  37|0x000000008c500000, 0x000000008c500000, 0x000000008c600000|  0%| F|  |TAMS 0x000000008c500000| PB 0x000000008c500000| Untracked 
|  38|0x000000008c600000, 0x000000008c600000, 0x000000008c700000|  0%| F|  |TAMS 0x000000008c600000| PB 0x000000008c600000| Untracked 
|  39|0x000000008c700000, 0x000000008c700000, 0x000000008c800000|  0%| F|  |TAMS 0x000000008c700000| PB 0x000000008c700000| Untracked 
|  40|0x000000008c800000, 0x000000008c800000, 0x000000008c900000|  0%| F|  |TAMS 0x000000008c800000| PB 0x000000008c800000| Untracked 
|  41|0x000000008c900000, 0x000000008c900000, 0x000000008ca00000|  0%| F|  |TAMS 0x000000008c900000| PB 0x000000008c900000| Untracked 
|  42|0x000000008ca00000, 0x000000008ca00000, 0x000000008cb00000|  0%| F|  |TAMS 0x000000008ca00000| PB 0x000000008ca00000| Untracked 
|  43|0x000000008cb00000, 0x000000008cb61168, 0x000000008cc00000| 37%| E|  |TAMS 0x000000008cb00000| PB 0x000000008cb00000| Complete 
|  44|0x000000008cc00000, 0x000000008cd00000, 0x000000008cd00000|100%| E|CS|TAMS 0x000000008cc00000| PB 0x000000008cc00000| Complete 
|  45|0x000000008cd00000, 0x000000008ce00000, 0x000000008ce00000|100%| E|CS|TAMS 0x000000008cd00000| PB 0x000000008cd00000| Complete 
|  46|0x000000008ce00000, 0x000000008cf00000, 0x000000008cf00000|100%| E|CS|TAMS 0x000000008ce00000| PB 0x000000008ce00000| Complete 
|  47|0x000000008cf00000, 0x000000008d000000, 0x000000008d000000|100%| E|CS|TAMS 0x000000008cf00000| PB 0x000000008cf00000| Complete 
|  48|0x000000008d000000, 0x000000008d100000, 0x000000008d100000|100%| E|CS|TAMS 0x000000008d000000| PB 0x000000008d000000| Complete 
|  49|0x000000008d100000, 0x000000008d200000, 0x000000008d200000|100%| E|CS|TAMS 0x000000008d100000| PB 0x000000008d100000| Complete 
|  50|0x000000008d200000, 0x000000008d300000, 0x000000008d300000|100%| E|CS|TAMS 0x000000008d200000| PB 0x000000008d200000| Complete 
|  51|0x000000008d300000, 0x000000008d400000, 0x000000008d400000|100%| E|CS|TAMS 0x000000008d300000| PB 0x000000008d300000| Complete 
|  90|0x000000008fa00000, 0x000000008fb00000, 0x000000008fb00000|100%| E|CS|TAMS 0x000000008fa00000| PB 0x000000008fa00000| Complete 
|  91|0x000000008fb00000, 0x000000008fc00000, 0x000000008fc00000|100%| E|CS|TAMS 0x000000008fb00000| PB 0x000000008fb00000| Complete 
| 117|0x0000000091500000, 0x0000000091600000, 0x0000000091600000|100%| E|CS|TAMS 0x0000000091500000| PB 0x0000000091500000| Complete 
|1885|0x00000000ffd00000, 0x00000000ffe00000, 0x00000000ffe00000|100%| O|  |TAMS 0x00000000ffd00000| PB 0x00000000ffd00000| Untracked 
|1886|0x00000000ffe00000, 0x00000000fff00000, 0x00000000fff00000|100%| O|  |TAMS 0x00000000ffe00000| PB 0x00000000ffe00000| Untracked 
|1887|0x00000000fff00000, 0x0000000100000000, 0x0000000100000000|100%| O|  |TAMS 0x00000000fff00000| PB 0x00000000fff00000| Untracked 

Card table byte_map: [0x0000022c74ac0000,0x0000022c74e70000] _byte_map_base: 0x0000022c74670000

Marking Bits: (CMBitMap*) 0x0000022c710bf940
 Bits: [0x0000022c74e70000, 0x0000022c76bf0000)

Polling page: 0x0000022c6eff0000

Metaspace:

Usage:
  Non-class:     38.18 MB used.
      Class:      5.10 MB used.
       Both:     43.28 MB used.

Virtual space:
  Non-class space:       64.00 MB reserved,      38.56 MB ( 60%) committed,  1 nodes.
      Class space:        1.00 GB reserved,       5.44 MB ( <1%) committed,  1 nodes.
             Both:        1.06 GB reserved,      44.00 MB (  4%) committed. 

Chunk freelists:
   Non-Class:  9.48 MB
       Class:  10.55 MB
        Both:  20.03 MB

MaxMetaspaceSize: unlimited
CompressedClassSpaceSize: 1.00 GB
Initial GC threshold: 21.00 MB
Current GC threshold: 59.06 MB
CDS: off
 - commit_granule_bytes: 65536.
 - commit_granule_words: 8192.
 - virtual_space_node_default_size: 8388608.
 - enlarge_chunks_in_place: 1.
 - use_allocation_guard: 0.


Internal statistics:

num_allocs_failed_limit: 6.
num_arena_births: 1188.
num_arena_deaths: 0.
num_vsnodes_births: 2.
num_vsnodes_deaths: 0.
num_space_committed: 702.
num_space_uncommitted: 0.
num_chunks_returned_to_freelist: 6.
num_chunks_taken_from_freelist: 2668.
num_chunk_merges: 6.
num_chunk_splits: 1944.
num_chunks_enlarged: 1379.
num_inconsistent_stats: 0.

CodeHeap 'non-profiled nmethods': size=120000Kb used=1308Kb max_used=1308Kb free=118691Kb
 bounds [0x0000022c07ad0000, 0x0000022c07d40000, 0x0000022c0f000000]
CodeHeap 'profiled nmethods': size=120000Kb used=5182Kb max_used=5182Kb free=114817Kb
 bounds [0x0000022c00000000, 0x0000022c00510000, 0x0000022c07530000]
CodeHeap 'non-nmethods': size=5760Kb used=1528Kb max_used=1538Kb free=4232Kb
 bounds [0x0000022c07530000, 0x0000022c077a0000, 0x0000022c07ad0000]
 total_blobs=3407 nmethods=2803 adapters=508
 compilation: enabled
              stopped_count=0, restarted_count=0
 full_count=0

Compilation events (20 events):
Event: 6.084 Thread 0x0000022c79a5d2e0 2934       3       kotlin.SynchronizedLazyImpl::<init> (34 bytes)
Event: 6.084 Thread 0x0000022c79a5d2e0 nmethod 2934 0x0000022c0050b790 code [0x0000022c0050b9c0, 0x0000022c0050c110]
Event: 6.109 Thread 0x0000022c79a5d2e0 2937       3       jdk.internal.perf.PerfCounter::addElapsedTimeFrom (10 bytes)
Event: 6.109 Thread 0x0000022c79a5d2e0 nmethod 2937 0x0000022c0050c390 code [0x0000022c0050c540, 0x0000022c0050c6d8]
Event: 6.128 Thread 0x0000022c79a5d2e0 2939       1       kotlin.Pair::component1 (5 bytes)
Event: 6.128 Thread 0x0000022c79a5d2e0 nmethod 2939 0x0000022c07c16790 code [0x0000022c07c16920, 0x0000022c07c169e8]
Event: 6.128 Thread 0x0000022c79a5d2e0 2940       3       kotlin.reflect.jvm.internal.impl.name.FqNameUnsafe::<init> (28 bytes)
Event: 6.128 Thread 0x0000022c79a5d2e0 nmethod 2940 0x0000022c0050c790 code [0x0000022c0050c960, 0x0000022c0050cc60]
Event: 6.128 Thread 0x0000022c79a5d2e0 2941       3       kotlin.reflect.jvm.internal.impl.name.FqName::toUnsafe (13 bytes)
Event: 6.128 Thread 0x0000022c79a5d2e0 nmethod 2941 0x0000022c0050cd90 code [0x0000022c0050cf40, 0x0000022c0050d0c0]
Event: 6.129 Thread 0x0000022c79a5d2e0 2942       3       kotlin.reflect.jvm.internal.ReflectProperties::lazy (17 bytes)
Event: 6.129 Thread 0x0000022c79a5d2e0 nmethod 2942 0x0000022c0050d190 code [0x0000022c0050d380, 0x0000022c0050d788]
Event: 6.129 Thread 0x0000022c79a5d2e0 2943       3       kotlin.reflect.jvm.internal.ReflectProperties$LazyVal::<init> (23 bytes)
Event: 6.129 Thread 0x0000022c79a5d2e0 nmethod 2943 0x0000022c0050d910 code [0x0000022c0050dae0, 0x0000022c0050dde0]
Event: 6.131 Thread 0x0000022c79a5d2e0 2944       3       java.lang.String::valueOf (39 bytes)
Event: 6.132 Thread 0x0000022c79a5d2e0 nmethod 2944 0x0000022c0050df10 code [0x0000022c0050e100, 0x0000022c0050e7c8]
Event: 6.132 Thread 0x0000022c79a5d2e0 2945       3       java.lang.StringLatin1::toBytes (9 bytes)
Event: 6.132 Thread 0x0000022c79a5d2e0 nmethod 2945 0x0000022c0050ea10 code [0x0000022c0050eba0, 0x0000022c0050ed20]
Event: 6.207 Thread 0x0000022c79a5d2e0 2947       3       java.lang.invoke.MethodHandles$Lookup::resolveOrFail (48 bytes)
Event: 6.207 Thread 0x0000022c79a5d2e0 nmethod 2947 0x0000022c0050ee10 code [0x0000022c0050f060, 0x0000022c0050f6e0]

GC Heap History (20 events):
Event: 1.897 GC heap before
{Heap before GC invocations=0 (full 0):
 garbage-first heap   total 120832K, used 26624K [0x000000008a000000, 0x0000000100000000)
  region size 1024K, 23 young (23552K), 0 survivors (0K)
 Metaspace       used 14084K, committed 14208K, reserved 1114112K
  class space    used 1329K, committed 1408K, reserved 1048576K
}
Event: 1.902 GC heap after
{Heap after GC invocations=1 (full 0):
 garbage-first heap   total 120832K, used 6308K [0x000000008a000000, 0x0000000100000000)
  region size 1024K, 3 young (3072K), 3 survivors (3072K)
 Metaspace       used 14084K, committed 14208K, reserved 1114112K
  class space    used 1329K, committed 1408K, reserved 1048576K
}
Event: 3.359 GC heap before
{Heap before GC invocations=1 (full 0):
 garbage-first heap   total 120832K, used 27812K [0x000000008a000000, 0x0000000100000000)
  region size 1024K, 26 young (26624K), 3 survivors (3072K)
 Metaspace       used 21331K, committed 21504K, reserved 1114112K
  class space    used 2166K, committed 2240K, reserved 1048576K
}
Event: 3.366 GC heap after
{Heap after GC invocations=2 (full 0):
 garbage-first heap   total 120832K, used 7888K [0x000000008a000000, 0x0000000100000000)
  region size 1024K, 2 young (2048K), 2 survivors (2048K)
 Metaspace       used 21331K, committed 21504K, reserved 1114112K
  class space    used 2166K, committed 2240K, reserved 1048576K
}
Event: 3.936 GC heap before
{Heap before GC invocations=3 (full 0):
 garbage-first heap   total 30720K, used 29392K [0x000000008a000000, 0x0000000100000000)
  region size 1024K, 23 young (23552K), 2 survivors (2048K)
 Metaspace       used 27678K, committed 28032K, reserved 1114112K
  class space    used 3203K, committed 3328K, reserved 1048576K
}
Event: 3.943 GC heap after
{Heap after GC invocations=4 (full 0):
 garbage-first heap   total 34816K, used 10222K [0x000000008a000000, 0x0000000100000000)
  region size 1024K, 4 young (4096K), 4 survivors (4096K)
 Metaspace       used 27678K, committed 28032K, reserved 1114112K
  class space    used 3203K, committed 3328K, reserved 1048576K
}
Event: 4.208 GC heap before
{Heap before GC invocations=4 (full 0):
 garbage-first heap   total 34816K, used 30702K [0x000000008a000000, 0x0000000100000000)
  region size 1024K, 20 young (20480K), 4 survivors (4096K)
 Metaspace       used 27848K, committed 28160K, reserved 1114112K
  class space    used 3203K, committed 3328K, reserved 1048576K
}
Event: 4.222 GC heap after
{Heap after GC invocations=5 (full 0):
 garbage-first heap   total 39936K, used 15493K [0x000000008a000000, 0x0000000100000000)
  region size 1024K, 3 young (3072K), 3 survivors (3072K)
 Metaspace       used 27848K, committed 28160K, reserved 1114112K
  class space    used 3203K, committed 3328K, reserved 1048576K
}
Event: 4.624 GC heap before
{Heap before GC invocations=5 (full 0):
 garbage-first heap   total 39936K, used 31877K [0x000000008a000000, 0x0000000100000000)
  region size 1024K, 19 young (19456K), 3 survivors (3072K)
 Metaspace       used 30021K, committed 30208K, reserved 1114112K
  class space    used 3640K, committed 3712K, reserved 1048576K
}
Event: 4.636 GC heap after
{Heap after GC invocations=6 (full 0):
 garbage-first heap   total 39936K, used 19456K [0x000000008a000000, 0x0000000100000000)
  region size 1024K, 3 young (3072K), 3 survivors (3072K)
 Metaspace       used 30021K, committed 30208K, reserved 1114112K
  class space    used 3640K, committed 3712K, reserved 1048576K
}
Event: 4.897 GC heap before
{Heap before GC invocations=6 (full 0):
 garbage-first heap   total 39936K, used 30720K [0x000000008a000000, 0x0000000100000000)
  region size 1024K, 15 young (15360K), 3 survivors (3072K)
 Metaspace       used 33570K, committed 33856K, reserved 1114112K
  class space    used 4022K, committed 4160K, reserved 1048576K
}
Event: 4.904 GC heap after
{Heap after GC invocations=7 (full 0):
 garbage-first heap   total 49152K, used 21407K [0x000000008a000000, 0x0000000100000000)
  region size 1024K, 2 young (2048K), 2 survivors (2048K)
 Metaspace       used 33570K, committed 33856K, reserved 1114112K
  class space    used 4022K, committed 4160K, reserved 1048576K
}
Event: 5.320 GC heap before
{Heap before GC invocations=7 (full 0):
 garbage-first heap   total 49152K, used 39839K [0x000000008a000000, 0x0000000100000000)
  region size 1024K, 19 young (19456K), 2 survivors (2048K)
 Metaspace       used 35134K, committed 35392K, reserved 1114112K
  class space    used 4182K, committed 4288K, reserved 1048576K
}
Event: 5.326 GC heap after
{Heap after GC invocations=8 (full 0):
 garbage-first heap   total 49152K, used 22409K [0x000000008a000000, 0x0000000100000000)
  region size 1024K, 3 young (3072K), 3 survivors (3072K)
 Metaspace       used 35134K, committed 35392K, reserved 1114112K
  class space    used 4182K, committed 4288K, reserved 1048576K
}
Event: 5.414 GC heap before
{Heap before GC invocations=8 (full 0):
 garbage-first heap   total 49152K, used 26505K [0x000000008a000000, 0x0000000100000000)
  region size 1024K, 8 young (8192K), 3 survivors (3072K)
 Metaspace       used 35783K, committed 35968K, reserved 1114112K
  class space    used 4254K, committed 4352K, reserved 1048576K
}
Event: 5.419 GC heap after
{Heap after GC invocations=9 (full 0):
 garbage-first heap   total 49152K, used 23317K [0x000000008a000000, 0x0000000100000000)
  region size 1024K, 1 young (1024K), 1 survivors (1024K)
 Metaspace       used 35783K, committed 35968K, reserved 1114112K
  class space    used 4254K, committed 4352K, reserved 1048576K
}
Event: 5.705 GC heap before
{Heap before GC invocations=10 (full 0):
 garbage-first heap   total 49152K, used 40725K [0x000000008a000000, 0x0000000100000000)
  region size 1024K, 18 young (18432K), 1 survivors (1024K)
 Metaspace       used 39535K, committed 39808K, reserved 1114112K
  class space    used 4548K, committed 4672K, reserved 1048576K
}
Event: 5.708 GC heap after
{Heap after GC invocations=11 (full 0):
 garbage-first heap   total 49152K, used 25041K [0x000000008a000000, 0x0000000100000000)
  region size 1024K, 3 young (3072K), 3 survivors (3072K)
 Metaspace       used 39535K, committed 39808K, reserved 1114112K
  class space    used 4548K, committed 4672K, reserved 1048576K
}
Event: 5.977 GC heap before
{Heap before GC invocations=11 (full 0):
 garbage-first heap   total 49152K, used 41425K [0x000000008a000000, 0x0000000100000000)
  region size 1024K, 19 young (19456K), 3 survivors (3072K)
 Metaspace       used 41941K, committed 42560K, reserved 1114112K
  class space    used 4904K, committed 5184K, reserved 1048576K
}
Event: 5.984 GC heap after
{Heap after GC invocations=12 (full 0):
 garbage-first heap   total 59392K, used 25745K [0x000000008a000000, 0x0000000100000000)
  region size 1024K, 2 young (2048K), 2 survivors (2048K)
 Metaspace       used 41941K, committed 42560K, reserved 1114112K
  class space    used 4904K, committed 5184K, reserved 1048576K
}

Dll operation events (3 events):
Event: 0.033 Loaded shared library C:\Program Files\Android\Android Studio\jbr\bin\java.dll
Event: 0.043 Loaded shared library C:\Program Files\Android\Android Studio\jbr\bin\zip.dll
Event: 3.833 Loaded shared library C:\Program Files\Android\Android Studio\jbr\bin\verify.dll

Deoptimization events (20 events):
Event: 5.496 Thread 0x0000022c6ed54320 DEOPT PACKING pc=0x0000022c07bc151c sp=0x000000acbebfd9d0
Event: 5.496 Thread 0x0000022c6ed54320 DEOPT UNPACKING pc=0x0000022c075846a2 sp=0x000000acbebfd960 mode 2
Event: 5.593 Thread 0x0000022c6ed54320 DEOPT PACKING pc=0x0000022c003f60ac sp=0x000000acbebfd960
Event: 5.593 Thread 0x0000022c6ed54320 DEOPT UNPACKING pc=0x0000022c07584e42 sp=0x000000acbebfce70 mode 0
Event: 5.736 Thread 0x0000022c6ed54320 Uncommon trap: trap_request=0xffffffcc fr.pc=0x0000022c07bdce6c relative=0x000000000000032c
Event: 5.736 Thread 0x0000022c6ed54320 Uncommon trap: reason=intrinsic_or_type_checked_inlining action=make_not_entrant pc=0x0000022c07bdce6c method=java.util.Arrays.copyOf([Ljava/lang/Object;ILjava/lang/Class;)[Ljava/lang/Object; @ 35 c2
Event: 5.736 Thread 0x0000022c6ed54320 DEOPT PACKING pc=0x0000022c07bdce6c sp=0x000000acbebfd500
Event: 5.736 Thread 0x0000022c6ed54320 DEOPT UNPACKING pc=0x0000022c075846a2 sp=0x000000acbebfd490 mode 2
Event: 5.741 Thread 0x0000022c6ed54320 Uncommon trap: trap_request=0xffffff45 fr.pc=0x0000022c07bcc678 relative=0x0000000000002058
Event: 5.741 Thread 0x0000022c6ed54320 Uncommon trap: reason=unstable_if action=reinterpret pc=0x0000022c07bcc678 method=jdk.internal.org.objectweb.asm.Frame.execute(IILjdk/internal/org/objectweb/asm/Symbol;Ljdk/internal/org/objectweb/asm/SymbolTable;)V @ 1 c2
Event: 5.741 Thread 0x0000022c6ed54320 DEOPT PACKING pc=0x0000022c07bcc678 sp=0x000000acbebfd1c0
Event: 5.741 Thread 0x0000022c6ed54320 DEOPT UNPACKING pc=0x0000022c075846a2 sp=0x000000acbebfd150 mode 2
Event: 5.837 Thread 0x0000022c6ed54320 Uncommon trap: trap_request=0xffffff45 fr.pc=0x0000022c07ad6f3c relative=0x00000000000005fc
Event: 5.837 Thread 0x0000022c6ed54320 Uncommon trap: reason=unstable_if action=reinterpret pc=0x0000022c07ad6f3c method=java.util.ArrayList.grow(I)[Ljava/lang/Object; @ 17 c2
Event: 5.837 Thread 0x0000022c6ed54320 DEOPT PACKING pc=0x0000022c07ad6f3c sp=0x000000acbebfce60
Event: 5.837 Thread 0x0000022c6ed54320 DEOPT UNPACKING pc=0x0000022c075846a2 sp=0x000000acbebfce18 mode 2
Event: 5.849 Thread 0x0000022c6ed54320 Uncommon trap: trap_request=0xffffff45 fr.pc=0x0000022c07b38940 relative=0x0000000000000280
Event: 5.849 Thread 0x0000022c6ed54320 Uncommon trap: reason=unstable_if action=reinterpret pc=0x0000022c07b38940 method=java.lang.StringLatin1.indexOf([BI[BII)I @ 27 c2
Event: 5.849 Thread 0x0000022c6ed54320 DEOPT PACKING pc=0x0000022c07b38940 sp=0x000000acbebfc6e0
Event: 5.849 Thread 0x0000022c6ed54320 DEOPT UNPACKING pc=0x0000022c075846a2 sp=0x000000acbebfc640 mode 2

Classes loaded (20 events):
Event: 5.932 Loading class java/lang/invoke/BoundMethodHandle$Species_LLLLLLLLLLLLLLLLLLLLLL
Event: 5.932 Loading class java/lang/invoke/BoundMethodHandle$Species_LLLLLLLLLLLLLLLLLLLLLL done
Event: 5.934 Loading class java/lang/invoke/BoundMethodHandle$Species_LLLLLLLLLLLLLLLLLLLLLLL
Event: 5.934 Loading class java/lang/invoke/BoundMethodHandle$Species_LLLLLLLLLLLLLLLLLLLLLLL done
Event: 6.001 Loading class java/lang/invoke/BoundMethodHandle$Species_LLLLLLLLLLLLLLLLLLLLLLLL
Event: 6.001 Loading class java/lang/invoke/BoundMethodHandle$Species_LLLLLLLLLLLLLLLLLLLLLLLL done
Event: 6.003 Loading class java/lang/invoke/BoundMethodHandle$Species_LLLLLLLLLLLLLLLLLLLLLLLLL
Event: 6.003 Loading class java/lang/invoke/BoundMethodHandle$Species_LLLLLLLLLLLLLLLLLLLLLLLLL done
Event: 6.132 Loading class java/util/Date
Event: 6.133 Loading class java/util/Date done
Event: 6.133 Loading class sun/util/calendar/CalendarSystem
Event: 6.136 Loading class sun/util/calendar/CalendarSystem done
Event: 6.136 Loading class sun/util/calendar/CalendarSystem$GregorianHolder
Event: 6.136 Loading class sun/util/calendar/CalendarSystem$GregorianHolder done
Event: 6.136 Loading class sun/util/calendar/Gregorian
Event: 6.137 Loading class sun/util/calendar/BaseCalendar
Event: 6.137 Loading class sun/util/calendar/AbstractCalendar
Event: 6.139 Loading class sun/util/calendar/AbstractCalendar done
Event: 6.140 Loading class sun/util/calendar/BaseCalendar done
Event: 6.140 Loading class sun/util/calendar/Gregorian done

Classes unloaded (0 events):
No events

Classes redefined (0 events):
No events

Internal exceptions (20 events):
Event: 5.931 Thread 0x0000022c6ed54320 Exception <a 'java/lang/NoSuchMethodError'{0x000000008c0372a0}: 'java.lang.Object java.lang.invoke.DirectMethodHandle$Holder.invokeStatic(java.lang.Object, java.lang.Object, java.lang.Object, java.lang.Object, java.lang.Object, java.lang.Object, java.lang.Object, java.lang.Object, java.lang.Object, java.lang.Object, java.lang.Object, java.lang.Object, java.lang.Object, java.lang.Object, java.lang.Object, java.lang.Object, java.lang.Object, java.lang.Object, java.lang.Object, java.lang.Object, java.lang.Obj
Event: 5.933 Thread 0x0000022c6ed54320 Exception <a 'java/lang/NoSuchMethodError'{0x000000008c065fe0}: 'java.lang.Object java.lang.invoke.DirectMethodHandle$Holder.invokeStatic(java.lang.Object, java.lang.Object, java.lang.Object, java.lang.Object, java.lang.Object, java.lang.Object, java.lang.Object, java.lang.Object, java.lang.Object, java.lang.Object, java.lang.Object, java.lang.Object, java.lang.Object, java.lang.Object, java.lang.Object, java.lang.Object, java.lang.Object, java.lang.Object, java.lang.Object, java.lang.Object, java.lang.Obj
Event: 5.934 Thread 0x0000022c6ed54320 Exception <a 'java/lang/NoSuchMethodError'{0x000000008c096150}: 'java.lang.Object java.lang.invoke.DirectMethodHandle$Holder.invokeStatic(java.lang.Object, java.lang.Object, java.lang.Object, java.lang.Object, java.lang.Object, java.lang.Object, java.lang.Object, java.lang.Object, java.lang.Object, java.lang.Object, java.lang.Object, java.lang.Object, java.lang.Object, java.lang.Object, java.lang.Object, java.lang.Object, java.lang.Object, java.lang.Object, java.lang.Object, java.lang.Object, java.lang.Obj
Event: 5.949 Thread 0x0000022c6ed54320 Exception <a 'java/lang/NoSuchMethodError'{0x000000008bfd2078}: 'java.lang.Object java.lang.invoke.DirectMethodHandle$Holder.newInvokeSpecial(java.lang.Object, java.lang.Object, java.lang.Object, java.lang.Object, java.lang.Object, java.lang.Object, java.lang.Object, java.lang.Object, java.lang.Object, java.lang.Object, java.lang.Object, java.lang.Object, java.lang.Object, java.lang.Object, java.lang.Object, java.lang.Object, java.lang.Object, java.lang.Object, java.lang.Object, java.lang.Object)'> (0x0000
Event: 5.949 Thread 0x0000022c6ed54320 Exception <a 'java/lang/NoSuchMethodError'{0x000000008bfd81f8}: 'java.lang.Object java.lang.invoke.DirectMethodHandle$Holder.invokeSpecial(java.lang.Object, java.lang.Object, java.lang.Object, java.lang.Object, java.lang.Object, java.lang.Object, java.lang.Object, java.lang.Object, java.lang.Object, java.lang.Object, java.lang.Object, java.lang.Object, java.lang.Object, java.lang.Object, java.lang.Object, java.lang.Object, java.lang.Object, java.lang.Object, java.lang.Object, java.lang.Object, java.lang.Ob
Event: 5.949 Thread 0x0000022c6ed54320 Exception <a 'java/lang/NoSuchMethodError'{0x000000008bfdd208}: 'java.lang.Object java.lang.invoke.DelegatingMethodHandle$Holder.reinvoke_L(java.lang.Object, java.lang.Object, java.lang.Object, java.lang.Object, java.lang.Object, java.lang.Object, java.lang.Object, java.lang.Object, java.lang.Object, java.lang.Object, java.lang.Object, java.lang.Object, java.lang.Object, java.lang.Object, java.lang.Object, java.lang.Object, java.lang.Object, java.lang.Object, java.lang.Object, java.lang.Object)'> (0x000000
Event: 5.975 Thread 0x0000022c6ed54320 Exception <a 'java/lang/NoSuchMethodError'{0x000000008bdaae08}: 'java.lang.Object java.lang.invoke.DirectMethodHandle$Holder.newInvokeSpecial(java.lang.Object, java.lang.Object, java.lang.Object, java.lang.Object, java.lang.Object, java.lang.Object, java.lang.Object, java.lang.Object, java.lang.Object, java.lang.Object, java.lang.Object, java.lang.Object, java.lang.Object, java.lang.Object, java.lang.Object, java.lang.Object)'> (0x000000008bdaae08) 
thrown [s\src\hotspot\share\interpreter\linkResolver.cpp,
Event: 5.975 Thread 0x0000022c6ed54320 Exception <a 'java/lang/NoSuchMethodError'{0x000000008bdb0648}: 'java.lang.Object java.lang.invoke.DirectMethodHandle$Holder.invokeSpecial(java.lang.Object, java.lang.Object, java.lang.Object, java.lang.Object, java.lang.Object, java.lang.Object, java.lang.Object, java.lang.Object, java.lang.Object, java.lang.Object, java.lang.Object, java.lang.Object, java.lang.Object, java.lang.Object, java.lang.Object, java.lang.Object, java.lang.Object)'> (0x000000008bdb0648) 
thrown [s\src\hotspot\share\interpreter\li
Event: 5.976 Thread 0x0000022c6ed54320 Exception <a 'java/lang/NoSuchMethodError'{0x000000008bdb4fd8}: 'java.lang.Object java.lang.invoke.DelegatingMethodHandle$Holder.reinvoke_L(java.lang.Object, java.lang.Object, java.lang.Object, java.lang.Object, java.lang.Object, java.lang.Object, java.lang.Object, java.lang.Object, java.lang.Object, java.lang.Object, java.lang.Object, java.lang.Object, java.lang.Object, java.lang.Object, java.lang.Object, java.lang.Object)'> (0x000000008bdb4fd8) 
thrown [s\src\hotspot\share\interpreter\linkResolver.cpp, l
Event: 5.990 Thread 0x0000022c6ed54320 Exception <a 'java/lang/NoSuchMethodError'{0x000000009153f370}: 'java.lang.Object java.lang.invoke.DirectMethodHandle$Holder.newInvokeSpecial(java.lang.Object, java.lang.Object, java.lang.Object, java.lang.Object, java.lang.Object, java.lang.Object, java.lang.Object, java.lang.Object, java.lang.Object, java.lang.Object, java.lang.Object, java.lang.Object, java.lang.Object, java.lang.Object, java.lang.Object, java.lang.Object, java.lang.Object, java.lang.Object)'> (0x000000009153f370) 
thrown [s\src\hotspot
Event: 5.991 Thread 0x0000022c6ed54320 Exception <a 'java/lang/NoSuchMethodError'{0x0000000091544fa0}: 'java.lang.Object java.lang.invoke.DirectMethodHandle$Holder.invokeSpecial(java.lang.Object, java.lang.Object, java.lang.Object, java.lang.Object, java.lang.Object, java.lang.Object, java.lang.Object, java.lang.Object, java.lang.Object, java.lang.Object, java.lang.Object, java.lang.Object, java.lang.Object, java.lang.Object, java.lang.Object, java.lang.Object, java.lang.Object, java.lang.Object, java.lang.Object)'> (0x0000000091544fa0) 
thrown
Event: 5.991 Thread 0x0000022c6ed54320 Exception <a 'java/lang/NoSuchMethodError'{0x0000000091549c18}: 'java.lang.Object java.lang.invoke.DelegatingMethodHandle$Holder.reinvoke_L(java.lang.Object, java.lang.Object, java.lang.Object, java.lang.Object, java.lang.Object, java.lang.Object, java.lang.Object, java.lang.Object, java.lang.Object, java.lang.Object, java.lang.Object, java.lang.Object, java.lang.Object, java.lang.Object, java.lang.Object, java.lang.Object, java.lang.Object, java.lang.Object)'> (0x0000000091549c18) 
thrown [s\src\hotspot\s
Event: 5.997 Thread 0x0000022c6ed54320 Exception <a 'java/lang/NoSuchMethodError'{0x00000000915d7328}: 'java.lang.Object java.lang.invoke.DirectMethodHandle$Holder.newInvokeSpecial(java.lang.Object, java.lang.Object, java.lang.Object, java.lang.Object, java.lang.Object, java.lang.Object, java.lang.Object, java.lang.Object, java.lang.Object, java.lang.Object, java.lang.Object, java.lang.Object, java.lang.Object, java.lang.Object, java.lang.Object, java.lang.Object, java.lang.Object, java.lang.Object, java.lang.Object, java.lang.Object, java.lang
Event: 5.997 Thread 0x0000022c6ed54320 Exception <a 'java/lang/NoSuchMethodError'{0x00000000915de368}: 'java.lang.Object java.lang.invoke.DirectMethodHandle$Holder.invokeSpecial(java.lang.Object, java.lang.Object, java.lang.Object, java.lang.Object, java.lang.Object, java.lang.Object, java.lang.Object, java.lang.Object, java.lang.Object, java.lang.Object, java.lang.Object, java.lang.Object, java.lang.Object, java.lang.Object, java.lang.Object, java.lang.Object, java.lang.Object, java.lang.Object, java.lang.Object, java.lang.Object, java.lang.Ob
Event: 5.998 Thread 0x0000022c6ed54320 Exception <a 'java/lang/NoSuchMethodError'{0x00000000915e3ae0}: 'java.lang.Object java.lang.invoke.DelegatingMethodHandle$Holder.reinvoke_L(java.lang.Object, java.lang.Object, java.lang.Object, java.lang.Object, java.lang.Object, java.lang.Object, java.lang.Object, java.lang.Object, java.lang.Object, java.lang.Object, java.lang.Object, java.lang.Object, java.lang.Object, java.lang.Object, java.lang.Object, java.lang.Object, java.lang.Object, java.lang.Object, java.lang.Object, java.lang.Object, java.lang.O
Event: 6.002 Thread 0x0000022c6ed54320 Exception <a 'java/lang/NoSuchMethodError'{0x000000008fbb2b98}: 'java.lang.Object java.lang.invoke.DirectMethodHandle$Holder.invokeStatic(java.lang.Object, java.lang.Object, java.lang.Object, java.lang.Object, java.lang.Object, java.lang.Object, java.lang.Object, java.lang.Object, java.lang.Object, java.lang.Object, java.lang.Object, java.lang.Object, java.lang.Object, java.lang.Object, java.lang.Object, java.lang.Object, java.lang.Object, java.lang.Object, java.lang.Object, java.lang.Object, java.lang.Obj
Event: 6.004 Thread 0x0000022c6ed54320 Exception <a 'java/lang/NoSuchMethodError'{0x000000008fbe5170}: 'java.lang.Object java.lang.invoke.DirectMethodHandle$Holder.invokeStatic(java.lang.Object, java.lang.Object, java.lang.Object, java.lang.Object, java.lang.Object, java.lang.Object, java.lang.Object, java.lang.Object, java.lang.Object, java.lang.Object, java.lang.Object, java.lang.Object, java.lang.Object, java.lang.Object, java.lang.Object, java.lang.Object, java.lang.Object, java.lang.Object, java.lang.Object, java.lang.Object, java.lang.Obj
Event: 6.014 Thread 0x0000022c6ed54320 Exception <a 'java/lang/NoSuchMethodError'{0x000000008fa69660}: 'java.lang.Object java.lang.invoke.DirectMethodHandle$Holder.newInvokeSpecial(java.lang.Object, java.lang.Object, java.lang.Object, java.lang.Object, java.lang.Object, java.lang.Object, java.lang.Object, java.lang.Object, java.lang.Object, java.lang.Object, java.lang.Object, java.lang.Object, java.lang.Object)'> (0x000000008fa69660) 
thrown [s\src\hotspot\share\interpreter\linkResolver.cpp, line 784]
Event: 6.014 Thread 0x0000022c6ed54320 Exception <a 'java/lang/NoSuchMethodError'{0x000000008fa6e670}: 'java.lang.Object java.lang.invoke.DirectMethodHandle$Holder.invokeSpecial(java.lang.Object, java.lang.Object, java.lang.Object, java.lang.Object, java.lang.Object, java.lang.Object, java.lang.Object, java.lang.Object, java.lang.Object, java.lang.Object, java.lang.Object, java.lang.Object, java.lang.Object, java.lang.Object)'> (0x000000008fa6e670) 
thrown [s\src\hotspot\share\interpreter\linkResolver.cpp, line 784]
Event: 6.015 Thread 0x0000022c6ed54320 Exception <a 'java/lang/NoSuchMethodError'{0x000000008fa72bc0}: 'java.lang.Object java.lang.invoke.DelegatingMethodHandle$Holder.reinvoke_L(java.lang.Object, java.lang.Object, java.lang.Object, java.lang.Object, java.lang.Object, java.lang.Object, java.lang.Object, java.lang.Object, java.lang.Object, java.lang.Object, java.lang.Object, java.lang.Object, java.lang.Object)'> (0x000000008fa72bc0) 
thrown [s\src\hotspot\share\interpreter\linkResolver.cpp, line 784]

ZGC Phase Switch (0 events):
No events

VM Operations (20 events):
Event: 5.320 Executing VM operation: G1CollectForAllocation (G1 Evacuation Pause)
Event: 5.326 Executing VM operation: G1CollectForAllocation (G1 Evacuation Pause) done
Event: 5.414 Executing VM operation: CollectForMetadataAllocation (Metadata GC Threshold)
Event: 5.419 Executing VM operation: CollectForMetadataAllocation (Metadata GC Threshold) done
Event: 5.428 Executing VM operation: G1PauseRemark
Event: 5.432 Executing VM operation: G1PauseRemark done
Event: 5.436 Executing VM operation: G1PauseCleanup
Event: 5.436 Executing VM operation: G1PauseCleanup done
Event: 5.593 Executing VM operation: HandshakeAllThreads (Deoptimize)
Event: 5.593 Executing VM operation: HandshakeAllThreads (Deoptimize) done
Event: 5.705 Executing VM operation: G1CollectForAllocation (G1 Evacuation Pause)
Event: 5.708 Executing VM operation: G1CollectForAllocation (G1 Evacuation Pause) done
Event: 5.739 Executing VM operation: HandshakeAllThreads (Deoptimize)
Event: 5.739 Executing VM operation: HandshakeAllThreads (Deoptimize) done
Event: 5.977 Executing VM operation: G1CollectForAllocation (G1 Evacuation Pause)
Event: 5.984 Executing VM operation: G1CollectForAllocation (G1 Evacuation Pause) done
Event: 6.147 Executing VM operation: HandshakeAllThreads (Deoptimize)
Event: 6.147 Executing VM operation: HandshakeAllThreads (Deoptimize) done
Event: 7.160 Executing VM operation: Cleanup
Event: 7.160 Executing VM operation: Cleanup done

Memory protections (0 events):
No events

Nmethod flushes (20 events):
Event: 5.431 Thread 0x0000022c799d4c00 flushing  nmethod 0x0000022c00051f10
Event: 5.431 Thread 0x0000022c799d4c00 flushing  nmethod 0x0000022c00064690
Event: 5.431 Thread 0x0000022c799d4c00 flushing  nmethod 0x0000022c00065210
Event: 5.431 Thread 0x0000022c799d4c00 flushing  nmethod 0x0000022c00065910
Event: 5.431 Thread 0x0000022c799d4c00 flushing  nmethod 0x0000022c00066890
Event: 5.431 Thread 0x0000022c799d4c00 flushing  nmethod 0x0000022c00070010
Event: 5.431 Thread 0x0000022c799d4c00 flushing  nmethod 0x0000022c00073590
Event: 5.431 Thread 0x0000022c799d4c00 flushing  nmethod 0x0000022c00073d90
Event: 5.431 Thread 0x0000022c799d4c00 flushing  nmethod 0x0000022c00074290
Event: 5.431 Thread 0x0000022c799d4c00 flushing  nmethod 0x0000022c00074690
Event: 5.431 Thread 0x0000022c799d4c00 flushing  nmethod 0x0000022c00075c90
Event: 5.431 Thread 0x0000022c799d4c00 flushing  nmethod 0x0000022c00078890
Event: 5.431 Thread 0x0000022c799d4c00 flushing  nmethod 0x0000022c00094190
Event: 5.431 Thread 0x0000022c799d4c00 flushing  nmethod 0x0000022c00096690
Event: 5.431 Thread 0x0000022c799d4c00 flushing  nmethod 0x0000022c000e4f90
Event: 5.431 Thread 0x0000022c799d4c00 flushing  nmethod 0x0000022c00129e90
Event: 5.431 Thread 0x0000022c799d4c00 flushing  nmethod 0x0000022c00189d90
Event: 5.431 Thread 0x0000022c799d4c00 flushing  nmethod 0x0000022c0018bd10
Event: 5.431 Thread 0x0000022c799d4c00 flushing  nmethod 0x0000022c0018c410
Event: 5.431 Thread 0x0000022c799d4c00 flushing  nmethod 0x0000022c0018ce10

Events (15 events):
Event: 0.039 Thread 0x0000022c6ed54320 Thread added: 0x0000022c6ed54320
Event: 0.094 Thread 0x0000022c6ed54320 Thread added: 0x0000022c79a6e0b0
Event: 0.094 Thread 0x0000022c6ed54320 Thread added: 0x0000022c79a71730
Event: 0.095 Thread 0x0000022c6ed54320 Thread added: 0x0000022c79a517d0
Event: 0.096 Thread 0x0000022c6ed54320 Thread added: 0x0000022c79a51e60
Event: 0.096 Thread 0x0000022c6ed54320 Thread added: 0x0000022c79a524f0
Event: 0.096 Thread 0x0000022c6ed54320 Thread added: 0x0000022c79a52b80
Event: 0.096 Thread 0x0000022c6ed54320 Thread added: 0x0000022c79a54d60
Event: 0.096 Thread 0x0000022c6ed54320 Thread added: 0x0000022c79a5d2e0
Event: 0.131 Thread 0x0000022c6ed54320 Thread added: 0x0000022c79a4f700
Event: 0.136 Thread 0x0000022c6ed54320 Thread added: 0x0000022c79a4fd90
Event: 0.148 Loaded shared library C:\Program Files\Android\Android Studio\jbr\bin\net.dll
Event: 0.153 Loaded shared library C:\Program Files\Android\Android Studio\jbr\bin\nio.dll
Event: 0.179 Loaded shared library C:\Program Files\Android\Android Studio\jbr\bin\zip.dll
Event: 0.211 Loaded shared library C:\Program Files\Android\Android Studio\jbr\bin\jimage.dll


Dynamic libraries:
0x00007ff69b520000 - 0x00007ff69b52a000 	C:\Program Files\Android\Android Studio\jbr\bin\java.exe
0x00007fff00e20000 - 0x00007fff01087000 	C:\WINDOWS\SYSTEM32\ntdll.dll
0x00007fff006a0000 - 0x00007fff00769000 	C:\WINDOWS\System32\KERNEL32.DLL
0x00007ffefd8d0000 - 0x00007ffefdcc4000 	C:\WINDOWS\System32\KERNELBASE.dll
0x00007ffefe790000 - 0x00007ffefe8db000 	C:\WINDOWS\System32\ucrtbase.dll
0x00007ffed8db0000 - 0x00007ffed8dc8000 	C:\Program Files\Android\Android Studio\jbr\bin\jli.dll
0x00007fff00b50000 - 0x00007fff00d15000 	C:\WINDOWS\System32\USER32.dll
0x00007ffefe540000 - 0x00007ffefe567000 	C:\WINDOWS\System32\win32u.dll
0x00007fff00da0000 - 0x00007fff00dcb000 	C:\WINDOWS\System32\GDI32.dll
0x00007ffefd7a0000 - 0x00007ffefd8cb000 	C:\WINDOWS\System32\gdi32full.dll
0x00007ffefe570000 - 0x00007ffefe613000 	C:\WINDOWS\System32\msvcp_win.dll
0x00007ffed8e50000 - 0x00007ffed8e6b000 	C:\Program Files\Android\Android Studio\jbr\bin\VCRUNTIME140.dll
0x00007ffeecf60000 - 0x00007ffeed1f3000 	C:\WINDOWS\WinSxS\amd64_microsoft.windows.common-controls_6595b64144ccf1df_6.0.26100.8115_none_3e075c82e3354f9c\COMCTL32.dll
0x00007ffeffe10000 - 0x00007ffeffeb9000 	C:\WINDOWS\System32\msvcrt.dll
0x00007ffefebb0000 - 0x00007ffefebe2000 	C:\WINDOWS\System32\IMM32.DLL
0x00007ffef97a0000 - 0x00007ffef97ac000 	C:\Program Files\Android\Android Studio\jbr\bin\vcruntime140_1.dll
0x00007ffebe920000 - 0x00007ffebe9ad000 	C:\Program Files\Android\Android Studio\jbr\bin\msvcp140.dll
0x00007ffdd5750000 - 0x00007ffdd63db000 	C:\Program Files\Android\Android Studio\jbr\bin\server\jvm.dll
0x00007ffeff5c0000 - 0x00007ffeff676000 	C:\WINDOWS\System32\ADVAPI32.dll
0x00007ffeff450000 - 0x00007ffeff4f7000 	C:\WINDOWS\System32\sechost.dll
0x00007ffeff780000 - 0x00007ffeff898000 	C:\WINDOWS\System32\RPCRT4.dll
0x00007fff00770000 - 0x00007fff007f0000 	C:\WINDOWS\System32\WS2_32.dll
0x00007ffefd550000 - 0x00007ffefd5ae000 	C:\WINDOWS\SYSTEM32\POWRPROF.dll
0x00007ffef0fc0000 - 0x00007ffef0ff6000 	C:\WINDOWS\SYSTEM32\WINMM.dll
0x00007ffef4af0000 - 0x00007ffef4afb000 	C:\WINDOWS\SYSTEM32\VERSION.dll
0x00007ffefd530000 - 0x00007ffefd544000 	C:\WINDOWS\SYSTEM32\UMPDC.dll
0x00007ffefc480000 - 0x00007ffefc49b000 	C:\WINDOWS\SYSTEM32\kernel.appcore.dll
0x00007ffef7870000 - 0x00007ffef787a000 	C:\Program Files\Android\Android Studio\jbr\bin\jimage.dll
0x00007ffefb6c0000 - 0x00007ffefb902000 	C:\WINDOWS\SYSTEM32\DBGHELP.DLL
0x00007ffeffa80000 - 0x00007ffeffe02000 	C:\WINDOWS\System32\combase.dll
0x00007fff009e0000 - 0x00007fff00ab8000 	C:\WINDOWS\System32\OLEAUT32.dll
0x00007ffeeb600000 - 0x00007ffeeb63b000 	C:\WINDOWS\SYSTEM32\dbgcore.DLL
0x00007ffefd6f0000 - 0x00007ffefd795000 	C:\WINDOWS\System32\bcryptPrimitives.dll
0x00007ffed8e30000 - 0x00007ffed8e50000 	C:\Program Files\Android\Android Studio\jbr\bin\java.dll
0x00007ffed8e10000 - 0x00007ffed8e28000 	C:\Program Files\Android\Android Studio\jbr\bin\zip.dll
0x00007ffeffed0000 - 0x00007fff00637000 	C:\WINDOWS\System32\SHELL32.dll
0x00007ffefe620000 - 0x00007ffefe78a000 	C:\WINDOWS\System32\wintypes.dll
0x00007ffefdcd0000 - 0x00007ffefe538000 	C:\WINDOWS\System32\windows.storage.dll
0x00007ffeff350000 - 0x00007ffeff448000 	C:\WINDOWS\System32\SHCORE.dll
0x00007ffeff710000 - 0x00007ffeff776000 	C:\WINDOWS\System32\shlwapi.dll
0x00007ffefd610000 - 0x00007ffefd639000 	C:\WINDOWS\SYSTEM32\profapi.dll
0x00007ffef5fc0000 - 0x00007ffef5fd0000 	C:\Program Files\Android\Android Studio\jbr\bin\net.dll
0x00007ffef6a30000 - 0x00007ffef6b5d000 	C:\WINDOWS\SYSTEM32\WINHTTP.dll
0x00007ffefc9f0000 - 0x00007ffefca5c000 	C:\WINDOWS\system32\mswsock.dll
0x00007ffed8d40000 - 0x00007ffed8d56000 	C:\Program Files\Android\Android Studio\jbr\bin\nio.dll
0x00007ffeee620000 - 0x00007ffeee630000 	C:\Program Files\Android\Android Studio\jbr\bin\verify.dll

dbghelp: loaded successfully - version: 4.0.5 - missing functions: none
symbol engine: initialized successfully - sym options: 0x614 - pdb path: .;C:\Program Files\Android\Android Studio\jbr\bin;C:\WINDOWS\SYSTEM32;C:\WINDOWS\WinSxS\amd64_microsoft.windows.common-controls_6595b64144ccf1df_6.0.26100.8115_none_3e075c82e3354f9c;C:\Program Files\Android\Android Studio\jbr\bin\server

VM Arguments:
java_command: org.jetbrains.kotlin.cli.jvm.K2JVMCompiler @C:\Users\Koliasik\YourLivePoints\ProjectPoint\app\build\20260509_1903592505685239282.compiler.options
java_class_path (initial): C:\Users\Koliasik\.gradle\caches\modules-2\files-2.1\org.jetbrains.kotlin\kotlin-compiler-embeddable\2.0.21\79346ed53db48b18312a472602eb5c057070c54d\kotlin-compiler-embeddable-2.0.21.jar;C:\Users\Koliasik\.gradle\caches\modules-2\files-2.1\org.jetbrains.kotlin\kotlin-stdlib\2.0.21\618b539767b4899b4660a83006e052b63f1db551\kotlin-stdlib-2.0.21.jar;C:\Users\Koliasik\.gradle\caches\modules-2\files-2.1\org.jetbrains.kotlin\kotlin-script-runtime\2.0.21\c9b044380ad41f89aa89aa896c2d32a8c0b2129d\kotlin-script-runtime-2.0.21.jar;C:\Users\Koliasik\.gradle\caches\modules-2\files-2.1\org.jetbrains.kotlin\kotlin-reflect\1.6.10\1cbe9c92c12a94eea200d23c2bbaedaf3daf5132\kotlin-reflect-1.6.10.jar;C:\Users\Koliasik\.gradle\caches\modules-2\files-2.1\org.jetbrains.kotlin\kotlin-daemon-embeddable\2.0.21\c9e933b23287de9b5a17e2116b4657bb91aea72c\kotlin-daemon-embeddable-2.0.21.jar;C:\Users\Koliasik\.gradle\caches\modules-2\files-2.1\org.jetbrains.intellij.deps\trove4j\1.0.20200330\3afb14d5f9ceb459d724e907a21145e8ff394f02\trove4j-1.0.20200330.jar;C:\Users\Koliasik\.gradle\caches\modules-2\files-2.1\org.jetbrains.kotlinx\kotlinx-coroutines-core-jvm\1.6.4\2c997cd1c0ef33f3e751d3831929aeff1390cb30\kotlinx-coroutines-core-jvm-1.6.4.jar;C:\Users\Koliasik\.gradle\caches\modules-2\files-2.1\org.jetbrains\annotations\13.0\919f0dfe192fb4e063e7dacadee7f8bb9a2672a9\annotations-13.0.jar
Launcher Type: SUN_STANDARD

[Global flags]
     intx CICompilerCount                          = 4                                         {product} {ergonomic}
     uint ConcGCThreads                            = 3                                         {product} {ergonomic}
     uint G1ConcRefinementThreads                  = 10                                        {product} {ergonomic}
   size_t G1HeapRegionSize                         = 1048576                                   {product} {ergonomic}
    uintx GCDrainStackTargetSize                   = 64                                        {product} {ergonomic}
   size_t InitialHeapSize                          = 123731968                                 {product} {ergonomic}
   size_t MarkStackSize                            = 4194304                                   {product} {ergonomic}
   size_t MaxHeapSize                              = 1979711488                                {product} {ergonomic}
   size_t MaxNewSize                               = 1186988032                                {product} {ergonomic}
   size_t MinHeapDeltaBytes                        = 1048576                                   {product} {ergonomic}
   size_t MinHeapSize                              = 8388608                                   {product} {ergonomic}
    uintx NonNMethodCodeHeapSize                   = 5839372                                {pd product} {ergonomic}
    uintx NonProfiledCodeHeapSize                  = 122909434                              {pd product} {ergonomic}
    uintx ProfiledCodeHeapSize                     = 122909434                              {pd product} {ergonomic}
    uintx ReservedCodeCacheSize                    = 251658240                              {pd product} {ergonomic}
     bool SegmentedCodeCache                       = true                                      {product} {ergonomic}
   size_t SoftMaxHeapSize                          = 1979711488                             {manageable} {ergonomic}
     bool UseCompressedOops                        = true                           {product lp64_product} {ergonomic}
     bool UseG1GC                                  = true                                      {product} {ergonomic}
     bool UseLargePagesIndividualAllocation        = false                                  {pd product} {ergonomic}

Logging:
Log output configuration:
 #0: stdout all=warning uptime,level,tags foldmultilines=false
 #1: stderr all=off uptime,level,tags foldmultilines=false

Environment Variables:
PATH=C:\Program Files (x86)\NVIDIA Corporation\PhysX\Common;C:\Windows\system32;C:\Windows;C:\Windows\System32\Wbem;C:\Windows\System32\WindowsPowerShell\v1.0\;C:\Windows\System32\OpenSSH\;C:\Program Files\NVIDIA Corporation\NVIDIA NvDLISR;C:\WINDOWS\system32;C:\WINDOWS;C:\WINDOWS\System32\Wbem;C:\WINDOWS\System32\WindowsPowerShell\v1.0\;C:\WINDOWS\System32\OpenSSH\;C:\Program Files\dotnet\;C:\Program Files\MATLAB\R2024a\runtime\win64;C:\Program Files\MATLAB\R2024a\bin;C:\Program Files\AmneziaWG\;C:\Program Files\WireGuard\;C:\Program Files (x86)\Windows Kits\8.1\Windows Performance Toolkit\;C:\Program Files\Microsoft SQL Server\Client SDK\ODBC\110\Tools\Binn\;C:\Program Files (x86)\Microsoft SQL Server\120\Tools\Binn\;C:\Program Files\Microsoft SQL Server\120\Tools\Binn\;C:\Program Files\Microsoft SQL Server\120\DTS\Binn\;C:\Program Files\Orca3D V2;C:\Program Files\Orca3D V3;C:\Program Files\Git\cmd;C:\Program Files (x86)\Windows Kits\10\Windows Performance Toolkit\;C:\Program Files\Docker\Docker\resources\bin;C:\Program Files (x86)\NVIDIA Corporation\PhysX\Common;C:\Windows\system32;C:\Windows;C:\Windows\System32\Wbem;C:\Windows\System32\WindowsPowerShell\v1.0\;C:\Windows\System32\OpenSSH\;C:\Program Files\NVIDIA Corporation\NVIDIA NvDLISR;C:\WINDOWS\system32;C:\WINDOWS;C:\WINDOWS\System32\Wbem;C:\WINDOWS\System32\WindowsPowerShell\v1.0\;C:\WINDOWS\System32\OpenSSH\;C:\Program Files\dotnet\;C:\Program Files\MATLAB\R2024a\runtime\win64;C:\Program Files\MATLAB\R2024a\bin;C:\Program Files\AmneziaWG\;C:\Program Files\WireGuard\;C:\Program Files (x86)\Windows Kits\8.1\Windows Performance Toolkit\;C:\Program Files\Microsoft SQL Server\Client SDK\ODBC\110\Tools\Binn\;C:\Program Files (x86)\Microsoft SQL Server\120\Tools\Binn\;C:\Program Files\Microsoft SQL Server\120\Tools\Binn\;C:\Program Files\Microsoft SQL Server\120\DTS\Binn\;C:\Program Files\Orca3D V2;C:\Program Files\Orca3D V3;C:\Program Files\Git\cmd;C:\Program Files (x86)\Windows Kits\10\Windows Performance Toolkit\;C:\Program Files\Docker\Docker\resources\bin;C:\Users\Koliasik\scoop\shims;C:\Users\Koliasik\AppData\Local\Programs\Python\Python313\Scripts\;C:\Users\Koliasik\AppData\Local\Programs\Python\Python313\;C:\Users\Koliasik\AppData\Local\Programs\Python\Launcher\;C:\Users\Koliasik\AppData\Local\Microsoft\WindowsApps;C:\Users\Koliasik\AppData\Local\Programs\MiKTeX\miktex\bin\x64\;C:\Program Files\JetBrains\PyCharm Community Edition 2023.3.2\bin;;C:\Program Files\JetBrains\IntelliJ IDEA Community Edition 2024.3.2.2\bin;;C:\Program Files\JetBrains\IntelliJ IDEA 2026.1.1\bin;C:\Users\Koliasik\.local\bin;C:\Users\Koliasik\AppData\Local\Programs\Obsidian
USERNAME=Koliasik
OS=Windows_NT
PROCESSOR_IDENTIFIER=AMD64 Family 23 Model 96 Stepping 1, AuthenticAMD
TMP=C:\Users\Koliasik\AppData\Local\Temp
TEMP=C:\Users\Koliasik\AppData\Local\Temp




Periodic native trim disabled

JNI global refs:
JNI global refs: 9, weak refs: 0

JNI global refs memory usage: 835, weak refs: 201

Process memory usage:
Resident Set Size: 194100K (2% of 7730500K total physical memory with 465644K free physical memory)

OOME stack traces (most recent first):
Classloader memory used:
Loader jdk.internal.loader.ClassLoaders$AppClassLoader                                 : 31614K
Loader bootstrap                                                                       : 12055K
Loader java.net.URLClassLoader                                                         : 696K

---------------  S Y S T E M  ---------------

OS:
 Windows 11 , 64 bit Build 26100 (10.0.26100.8246)
OS uptime: 1 days 23:55 hours
Hyper-V role detected

CPU: total 12 (initial active 12) (12 cores per cpu, 2 threads per core) family 23 model 96 stepping 1 microcode 0x8600104, cx8, cmov, fxsr, ht, mmx, 3dnowpref, sse, sse2, sse3, ssse3, sse4a, sse4.1, sse4.2, popcnt, lzcnt, tsc, tscinvbit, avx, avx2, aes, clmul, bmi1, bmi2, adx, sha, fma, vzeroupper, clflush, clflushopt, hv, rdtscp, rdpid, f16c
Processor Information for the first 12 processors :
  Max Mhz: 3000, Current Mhz: 3000, Mhz Limit: 3000

Memory: 4k page, system-wide physical 7549M (454M free)
TotalPageFile size 31101M (AvailPageFile size 5M)
current process WorkingSet (physical memory assigned to process): 189M, peak: 189M
current process commit charge ("private bytes"): 229M, peak: 231M

vm_info: OpenJDK 64-Bit Server VM (21.0.6+-13391695-b895.109) for windows-amd64 JRE (21.0.6+-13391695-b895.109), built on 2025-04-22T21:19:17Z by "builder" with MS VC++ 16.10 / 16.11 (VS2019)

END.
